<?xml version="1.0" encoding="UTF-8"?>
<robot generator="Robot 3.2.1 (Python 3.8.0 on win32)" generated="20220328 22:48:01.919" rpa="false">
<suite id="s1" name="Login" source="C:\Users\Rica Datoc\PycharmProjects\Packages\Packages\Login.robot">
<kw name="Launch Browser" library="LoginKeywords" type="setup">
<arguments>
<arg>${url}</arg>
<arg>${browser}</arg>
</arguments>
<kw name="Log To Console" library="BuiltIn">
<doc>Logs the given message to the console.</doc>
<arguments>
<arg>Launching Browser...</arg>
</arguments>
<status status="PASS" starttime="20220328 22:48:02.311" endtime="20220328 22:48:02.311"></status>
</kw>
<kw name="Open Browser" library="SeleniumLibrary">
<doc>Opens a new browser instance to the optional ``url``.</doc>
<arguments>
<arg>${siteurl}</arg>
<arg>${testbrowser}</arg>
</arguments>
<msg timestamp="20220328 22:48:02.312" level="INFO">Opening browser 'chrome' to base url 'https://accounts.detailonline.com/'.</msg>
<status status="PASS" starttime="20220328 22:48:02.312" endtime="20220328 22:48:35.115"></status>
</kw>
<kw name="Maximize Browser Window" library="SeleniumLibrary">
<doc>Maximizes current browser window.</doc>
<status status="PASS" starttime="20220328 22:48:35.115" endtime="20220328 22:48:35.690"></status>
</kw>
<status status="PASS" starttime="20220328 22:48:02.310" endtime="20220328 22:48:35.691"></status>
</kw>
<test id="s1-t1" name="7.0 Login - Forgot Password: Enter invalid address">
<kw name="Setup Properties" type="setup">
<kw name="Set Selenium Speed" library="SeleniumLibrary">
<doc>Sets the delay that is waited after each Selenium command.</doc>
<arguments>
<arg>2s</arg>
</arguments>
<status status="PASS" starttime="20220328 22:48:35.693" endtime="20220328 22:48:35.693"></status>
</kw>
<kw name="Set Selenium Timeout" library="SeleniumLibrary">
<doc>Sets the timeout that is used by various keywords.</doc>
<arguments>
<arg>60s</arg>
</arguments>
<status status="PASS" starttime="20220328 22:48:35.693" endtime="20220328 22:48:37.704"></status>
</kw>
<status status="PASS" starttime="20220328 22:48:35.693" endtime="20220328 22:48:37.705"></status>
</kw>
<kw name="Log To Console" library="BuiltIn">
<doc>Logs the given message to the console.</doc>
<arguments>
<arg>Click "Forgot password" functionality</arg>
</arguments>
<status status="PASS" starttime="20220328 22:48:37.705" endtime="20220328 22:48:37.708"></status>
</kw>
<kw name="Click Link" library="SeleniumLibrary">
<doc>Clicks a link identified by ``locator``.</doc>
<arguments>
<arg>Forgot your password?</arg>
</arguments>
<msg timestamp="20220328 22:48:37.710" level="INFO">Clicking link 'Forgot your password?'.</msg>
<status status="PASS" starttime="20220328 22:48:37.710" endtime="20220328 22:48:43.929"></status>
</kw>
<kw name="Log To Console" library="BuiltIn">
<doc>Logs the given message to the console.</doc>
<arguments>
<arg>Input invalid email address</arg>
</arguments>
<status status="PASS" starttime="20220328 22:48:43.929" endtime="20220328 22:48:43.929"></status>
</kw>
<kw name="Input Forgot Password Username" library="LoginKeywords">
<arguments>
<arg>${invalidemail}</arg>
</arguments>
<kw name="Log To Console" library="BuiltIn">
<doc>Logs the given message to the console.</doc>
<arguments>
<arg>Inputting username...</arg>
</arguments>
<status status="PASS" starttime="20220328 22:48:43.934" endtime="20220328 22:48:43.936"></status>
</kw>
<kw name="Input Text" library="SeleniumLibrary">
<doc>Types the given ``text`` into the text field identified by ``locator``.</doc>
<arguments>
<arg>${field_fpusername}</arg>
<arg>${username}</arg>
</arguments>
<msg timestamp="20220328 22:48:43.937" level="INFO">Typing text 'admin123' into text field 'xpath:/html/body/div/div/section/section/section/div/div/form/div[1]/div/div/input'.</msg>
<status status="PASS" starttime="20220328 22:48:43.936" endtime="20220328 22:48:50.609"></status>
</kw>
<kw name="Log To Console" library="BuiltIn">
<doc>Logs the given message to the console.</doc>
<arguments>
<arg>Username:${username} inputted.</arg>
</arguments>
<status status="PASS" starttime="20220328 22:48:50.609" endtime="20220328 22:48:50.610"></status>
</kw>
<status status="PASS" starttime="20220328 22:48:43.934" endtime="20220328 22:48:50.611"></status>
</kw>
<kw name="Wait Until Element Is Visible" library="SeleniumLibrary">
<doc>Waits until the element ``locator`` is visible.</doc>
<arguments>
<arg>${reset_error_msg}</arg>
<arg>60s</arg>
</arguments>
<status status="PASS" starttime="20220328 22:48:50.612" endtime="20220328 22:48:54.730"></status>
</kw>
<kw name="Log To Console" library="BuiltIn">
<doc>Logs the given message to the console.</doc>
<arguments>
<arg>Click "Reset Password" button</arg>
</arguments>
<status status="PASS" starttime="20220328 22:48:54.736" endtime="20220328 22:48:54.739"></status>
</kw>
<kw name="Click Element" library="SeleniumLibrary">
<doc>Click the element identified by ``locator``.</doc>
<arguments>
<arg>${btn_reset}</arg>
</arguments>
<msg timestamp="20220328 22:48:54.750" level="INFO">Clicking element 'xpath:/html/body/div/div/section/section/section/div/div/form/div[2]/div/button'.</msg>
<status status="PASS" starttime="20220328 22:48:54.749" endtime="20220328 22:48:59.025"></status>
</kw>
<kw name="Log To Console" library="BuiltIn">
<doc>Logs the given message to the console.</doc>
<arguments>
<arg>Error message should appear</arg>
</arguments>
<status status="PASS" starttime="20220328 22:48:59.025" endtime="20220328 22:48:59.025"></status>
</kw>
<kw name="Teardown Properties" type="teardown">
<kw name="Sleep" library="BuiltIn">
<doc>Pauses the test executed for the given time.</doc>
<arguments>
<arg>5s</arg>
</arguments>
<msg timestamp="20220328 22:49:04.047" level="INFO">Slept 5 seconds</msg>
<status status="PASS" starttime="20220328 22:48:59.032" endtime="20220328 22:49:04.047"></status>
</kw>
<status status="PASS" starttime="20220328 22:48:59.032" endtime="20220328 22:49:04.047"></status>
</kw>
<tags>
<tag>forgot</tag>
</tags>
<status status="PASS" starttime="20220328 22:48:35.691" endtime="20220328 22:49:04.047" critical="yes"></status>
</test>
<test id="s1-t2" name="7.0 Login - Forgot Password: Enter valid address">
<kw name="Setup Properties" type="setup">
<kw name="Set Selenium Speed" library="SeleniumLibrary">
<doc>Sets the delay that is waited after each Selenium command.</doc>
<arguments>
<arg>2s</arg>
</arguments>
<status status="PASS" starttime="20220328 22:49:04.054" endtime="20220328 22:49:04.060"></status>
</kw>
<kw name="Set Selenium Timeout" library="SeleniumLibrary">
<doc>Sets the timeout that is used by various keywords.</doc>
<arguments>
<arg>60s</arg>
</arguments>
<status status="PASS" starttime="20220328 22:49:04.060" endtime="20220328 22:49:06.063"></status>
</kw>
<status status="PASS" starttime="20220328 22:49:04.054" endtime="20220328 22:49:06.064"></status>
</kw>
<kw name="Go Back" library="SeleniumLibrary">
<doc>Simulates the user clicking the back button on their browser.</doc>
<status status="PASS" starttime="20220328 22:49:06.066" endtime="20220328 22:49:08.107"></status>
</kw>
<kw name="Log To Console" library="BuiltIn">
<doc>Logs the given message to the console.</doc>
<arguments>
<arg>Click "Forgot password" functionality</arg>
</arguments>
<status status="PASS" starttime="20220328 22:49:08.110" endtime="20220328 22:49:08.113"></status>
</kw>
<kw name="Click Link" library="SeleniumLibrary">
<doc>Clicks a link identified by ``locator``.</doc>
<arguments>
<arg>Forgot your password?</arg>
</arguments>
<msg timestamp="20220328 22:49:08.117" level="INFO">Clicking link 'Forgot your password?'.</msg>
<status status="PASS" starttime="20220328 22:49:08.115" endtime="20220328 22:49:14.441"></status>
</kw>
<kw name="Log To Console" library="BuiltIn">
<doc>Logs the given message to the console.</doc>
<arguments>
<arg>Input valid email address</arg>
</arguments>
<status status="PASS" starttime="20220328 22:49:14.441" endtime="20220328 22:49:14.441"></status>
</kw>
<kw name="Input Forgot Password Username" library="LoginKeywords">
<arguments>
<arg>${normal}</arg>
</arguments>
<kw name="Log To Console" library="BuiltIn">
<doc>Logs the given message to the console.</doc>
<arguments>
<arg>Inputting username...</arg>
</arguments>
<status status="PASS" starttime="20220328 22:49:14.446" endtime="20220328 22:49:14.446"></status>
</kw>
<kw name="Input Text" library="SeleniumLibrary">
<doc>Types the given ``text`` into the text field identified by ``locator``.</doc>
<arguments>
<arg>${field_fpusername}</arg>
<arg>${username}</arg>
</arguments>
<msg timestamp="20220328 22:49:14.451" level="INFO">Typing text 'msprice-normal@mailinator.com' into text field 'xpath:/html/body/div/div/section/section/section/div/div/form/div[1]/div/div/input'.</msg>
<status status="PASS" starttime="20220328 22:49:14.450" endtime="20220328 22:49:21.035"></status>
</kw>
<kw name="Log To Console" library="BuiltIn">
<doc>Logs the given message to the console.</doc>
<arguments>
<arg>Username:${username} inputted.</arg>
</arguments>
<status status="PASS" starttime="20220328 22:49:21.035" endtime="20220328 22:49:21.036"></status>
</kw>
<status status="PASS" starttime="20220328 22:49:14.446" endtime="20220328 22:49:21.037"></status>
</kw>
<kw name="Log To Console" library="BuiltIn">
<doc>Logs the given message to the console.</doc>
<arguments>
<arg>Click "Reset Password" button</arg>
</arguments>
<status status="PASS" starttime="20220328 22:49:21.038" endtime="20220328 22:49:21.038"></status>
</kw>
<kw name="Click Element" library="SeleniumLibrary">
<doc>Click the element identified by ``locator``.</doc>
<arguments>
<arg>${btn_reset}</arg>
</arguments>
<msg timestamp="20220328 22:49:21.040" level="INFO">Clicking element 'xpath:/html/body/div/div/section/section/section/div/div/form/div[2]/div/button'.</msg>
<status status="PASS" starttime="20220328 22:49:21.039" endtime="20220328 22:49:25.188"></status>
</kw>
<kw name="Wait Until Element Is Visible" library="SeleniumLibrary">
<doc>Waits until the element ``locator`` is visible.</doc>
<arguments>
<arg>${prompt_reset}</arg>
<arg>60s</arg>
</arguments>
<status status="PASS" starttime="20220328 22:49:25.190" endtime="20220328 22:49:29.341"></status>
</kw>
<kw name="Teardown Properties" type="teardown">
<kw name="Sleep" library="BuiltIn">
<doc>Pauses the test executed for the given time.</doc>
<arguments>
<arg>5s</arg>
</arguments>
<msg timestamp="20220328 22:49:34.367" level="INFO">Slept 5 seconds</msg>
<status status="PASS" starttime="20220328 22:49:29.344" endtime="20220328 22:49:34.367"></status>
</kw>
<status status="PASS" starttime="20220328 22:49:29.344" endtime="20220328 22:49:34.367"></status>
</kw>
<tags>
<tag>forgot</tag>
</tags>
<status status="PASS" starttime="20220328 22:49:04.054" endtime="20220328 22:49:34.367" critical="yes"></status>
</test>
<test id="s1-t3" name="7.0 Login - Forgot Password: Check reset password email">
<kw name="Setup Properties" type="setup">
<kw name="Set Selenium Speed" library="SeleniumLibrary">
<doc>Sets the delay that is waited after each Selenium command.</doc>
<arguments>
<arg>2s</arg>
</arguments>
<status status="PASS" starttime="20220328 22:49:34.373" endtime="20220328 22:49:34.373"></status>
</kw>
<kw name="Set Selenium Timeout" library="SeleniumLibrary">
<doc>Sets the timeout that is used by various keywords.</doc>
<arguments>
<arg>60s</arg>
</arguments>
<status status="PASS" starttime="20220328 22:49:34.373" endtime="20220328 22:49:36.392"></status>
</kw>
<status status="PASS" starttime="20220328 22:49:34.373" endtime="20220328 22:49:36.393"></status>
</kw>
<kw name="Launch Browser" library="LoginKeywords">
<arguments>
<arg>${mailinator}</arg>
<arg>${browser}</arg>
</arguments>
<kw name="Log To Console" library="BuiltIn">
<doc>Logs the given message to the console.</doc>
<arguments>
<arg>Launching Browser...</arg>
</arguments>
<status status="PASS" starttime="20220328 22:49:36.399" endtime="20220328 22:49:36.400"></status>
</kw>
<kw name="Open Browser" library="SeleniumLibrary">
<doc>Opens a new browser instance to the optional ``url``.</doc>
<arguments>
<arg>${siteurl}</arg>
<arg>${testbrowser}</arg>
</arguments>
<msg timestamp="20220328 22:49:36.401" level="INFO">Opening browser 'chrome' to base url 'https://www.mailinator.com/'.</msg>
<status status="PASS" starttime="20220328 22:49:36.401" endtime="20220328 22:50:00.601"></status>
</kw>
<kw name="Maximize Browser Window" library="SeleniumLibrary">
<doc>Maximizes current browser window.</doc>
<status status="PASS" starttime="20220328 22:50:00.601" endtime="20220328 22:50:02.752"></status>
</kw>
<status status="PASS" starttime="20220328 22:49:36.396" endtime="20220328 22:50:02.752"></status>
</kw>
<kw name="Get Title" library="SeleniumLibrary">
<doc>Returns the title of the current page.</doc>
<assign>
<var>${head}</var>
</assign>
<msg timestamp="20220328 22:50:04.780" level="INFO">${head} = Home - Mailinator</msg>
<status status="PASS" starttime="20220328 22:50:02.752" endtime="20220328 22:50:04.780"></status>
</kw>
<kw name="Log To Console" library="BuiltIn">
<doc>Logs the given message to the console.</doc>
<arguments>
<arg>${head}</arg>
</arguments>
<status status="PASS" starttime="20220328 22:50:04.780" endtime="20220328 22:50:04.780"></status>
</kw>
<kw name="Remove String" library="String">
<doc>Removes all ``removables`` from the given ``string``.</doc>
<arguments>
<arg>${normal}</arg>
<arg>@mailinator.com</arg>
</arguments>
<assign>
<var>${testuser}</var>
</assign>
<msg timestamp="20220328 22:50:04.780" level="INFO">${testuser} = msprice-normal</msg>
<status status="PASS" starttime="20220328 22:50:04.780" endtime="20220328 22:50:04.780"></status>
</kw>
<kw name="Log To Console" library="BuiltIn">
<doc>Logs the given message to the console.</doc>
<arguments>
<arg>${testuser}</arg>
</arguments>
<status status="PASS" starttime="20220328 22:50:04.780" endtime="20220328 22:50:04.780"></status>
</kw>
<kw name="Wait Until Element Is Visible" library="SeleniumLibrary">
<doc>Waits until the element ``locator`` is visible.</doc>
<arguments>
<arg>${public_mail}</arg>
<arg>10s</arg>
</arguments>
<status status="PASS" starttime="20220328 22:50:04.780" endtime="20220328 22:50:08.839"></status>
</kw>
<kw name="Input Text" library="SeleniumLibrary">
<doc>Types the given ``text`` into the text field identified by ``locator``.</doc>
<arguments>
<arg>${public_mail}</arg>
<arg>${testuser}</arg>
</arguments>
<msg timestamp="20220328 22:50:08.839" level="INFO">Typing text 'msprice-normal' into text field 'xpath:/html/body/div[1]/header[1]/div[1]/div/div/div[1]/div/input'.</msg>
<status status="PASS" starttime="20220328 22:50:08.839" endtime="20220328 22:50:15.089"></status>
</kw>
<kw name="Click Element" library="SeleniumLibrary">
<doc>Click the element identified by ``locator``.</doc>
<arguments>
<arg>${go_generate}</arg>
</arguments>
<msg timestamp="20220328 22:50:15.089" level="INFO">Clicking element 'xpath:/html/body/div[1]/header[1]/div[1]/div/div/div[1]/div/button'.</msg>
<status status="PASS" starttime="20220328 22:50:15.089" endtime="20220328 22:50:20.943"></status>
</kw>
<kw name="Wait Until Element Is Visible" library="SeleniumLibrary">
<doc>Waits until the element ``locator`` is visible.</doc>
<arguments>
<arg>${public_inbox}</arg>
<arg>15s</arg>
</arguments>
<status status="PASS" starttime="20220328 22:50:20.943" endtime="20220328 22:50:25.046"></status>
</kw>
<kw name="Log To Console" library="BuiltIn">
<doc>Logs the given message to the console.</doc>
<arguments>
<arg>Opening ${testuser} inbox...</arg>
</arguments>
<status status="PASS" starttime="20220328 22:50:25.046" endtime="20220328 22:50:25.046"></status>
</kw>
<kw name="Wait Until Element Is Visible" library="SeleniumLibrary">
<doc>Waits until the element ``locator`` is visible.</doc>
<arguments>
<arg>${notif_sender}</arg>
<arg>15s</arg>
</arguments>
<status status="PASS" starttime="20220328 22:50:25.046" endtime="20220328 22:50:29.122"></status>
</kw>
<kw name="Get Text" library="SeleniumLibrary">
<doc>Returns the text value of the element identified by ``locator``.</doc>
<arguments>
<arg>${notif_sender}</arg>
</arguments>
<assign>
<var>${sender}</var>
</assign>
<msg timestamp="20220328 22:50:33.182" level="INFO">${sender} = support@detailonline.com</msg>
<status status="PASS" starttime="20220328 22:50:29.122" endtime="20220328 22:50:33.182"></status>
</kw>
<kw name="Log To Console" library="BuiltIn">
<doc>Logs the given message to the console.</doc>
<arguments>
<arg>Checking sender is ${sender}...</arg>
</arguments>
<status status="PASS" starttime="20220328 22:50:33.182" endtime="20220328 22:50:33.182"></status>
</kw>
<kw name="Teardown Properties" type="teardown">
<kw name="Sleep" library="BuiltIn">
<doc>Pauses the test executed for the given time.</doc>
<arguments>
<arg>5s</arg>
</arguments>
<msg timestamp="20220328 22:50:38.183" level="INFO">Slept 5 seconds</msg>
<status status="PASS" starttime="20220328 22:50:33.182" endtime="20220328 22:50:38.183"></status>
</kw>
<status status="PASS" starttime="20220328 22:50:33.182" endtime="20220328 22:50:38.183"></status>
</kw>
<tags>
<tag>forgot</tag>
</tags>
<status status="PASS" starttime="20220328 22:49:34.373" endtime="20220328 22:50:38.183" critical="yes"></status>
</test>
<kw name="Close All Browsers" library="SeleniumLibrary" type="teardown">
<doc>Closes all open browsers and resets the browser cache.</doc>
<status status="PASS" starttime="20220328 22:50:38.183" endtime="20220328 22:50:46.336"></status>
</kw>
<status status="PASS" starttime="20220328 22:48:01.923" endtime="20220328 22:50:46.336"></status>
</suite>
<statistics>
<total>
<stat pass="3" fail="0">Critical Tests</stat>
<stat pass="3" fail="0">All Tests</stat>
</total>
<tag>
<stat pass="3" fail="0">forgot</stat>
</tag>
<suite>
<stat pass="3" fail="0" id="s1" name="Login">Login</stat>
</suite>
</statistics>
<errors>
</errors>
</robot>
