<?xml version="1.0" encoding="UTF-8"?>
<robot generator="Robot 3.2.1 (Python 3.8.0 on win32)" generated="20220321 23:05:48.387" rpa="false">
<suite id="s1" name="Login" source="C:\Users\Rica Datoc\PycharmProjects\Packages\Packages\Login.robot">
<kw name="Launch Browser" library="LoginKeywords" type="setup">
<arguments>
<arg>${url}</arg>
<arg>${browser}</arg>
</arguments>
<kw name="Log To Console" library="BuiltIn">
<doc>Logs the given message to the console.</doc>
<arguments>
<arg>Launching Browser...</arg>
</arguments>
<status status="PASS" starttime="20220321 23:05:49.035" endtime="20220321 23:05:49.036"></status>
</kw>
<kw name="Open Browser" library="SeleniumLibrary">
<doc>Opens a new browser instance to the optional ``url``.</doc>
<arguments>
<arg>${siteurl}</arg>
<arg>${testbrowser}</arg>
</arguments>
<msg timestamp="20220321 23:05:49.036" level="INFO">Opening browser 'chrome' to base url 'https://accounts.detailonline.com/'.</msg>
<status status="PASS" starttime="20220321 23:05:49.036" endtime="20220321 23:06:01.995"></status>
</kw>
<kw name="Maximize Browser Window" library="SeleniumLibrary">
<doc>Maximizes current browser window.</doc>
<status status="PASS" starttime="20220321 23:06:01.996" endtime="20220321 23:06:02.534"></status>
</kw>
<status status="PASS" starttime="20220321 23:05:49.034" endtime="20220321 23:06:02.535"></status>
</kw>
<test id="s1-t1" name="7.0 Login - Login using correct credentials">
<kw name="Setup Properties" type="setup">
<kw name="Set Selenium Speed" library="SeleniumLibrary">
<doc>Sets the delay that is waited after each Selenium command.</doc>
<arguments>
<arg>2s</arg>
</arguments>
<status status="PASS" starttime="20220321 23:06:02.535" endtime="20220321 23:06:02.535"></status>
</kw>
<kw name="Set Selenium Timeout" library="SeleniumLibrary">
<doc>Sets the timeout that is used by various keywords.</doc>
<arguments>
<arg>60s</arg>
</arguments>
<status status="PASS" starttime="20220321 23:06:02.535" endtime="20220321 23:06:04.539"></status>
</kw>
<status status="PASS" starttime="20220321 23:06:02.535" endtime="20220321 23:06:04.540"></status>
</kw>
<kw name="Log To Console" library="BuiltIn">
<doc>Logs the given message to the console.</doc>
<arguments>
<arg>Input correct email address</arg>
</arguments>
<status status="PASS" starttime="20220321 23:06:04.543" endtime="20220321 23:06:04.544"></status>
</kw>
<kw name="Input Username" library="LoginKeywords">
<arguments>
<arg>${owner}</arg>
</arguments>
<kw name="Log To Console" library="BuiltIn">
<doc>Logs the given message to the console.</doc>
<arguments>
<arg>Inputting username...</arg>
</arguments>
<status status="PASS" starttime="20220321 23:06:04.549" endtime="20220321 23:06:04.549"></status>
</kw>
<kw name="Input Text" library="SeleniumLibrary">
<doc>Types the given ``text`` into the text field identified by ``locator``.</doc>
<arguments>
<arg>${field_username}</arg>
<arg>${username}</arg>
</arguments>
<msg timestamp="20220321 23:06:04.552" level="INFO">Typing text 'msprice-own@mailinator.com' into text field 'xpath:/html/body/div/div/section/section/section/div[1]/div/div/form/div[1]/div/div/input'.</msg>
<status status="PASS" starttime="20220321 23:06:04.549" endtime="20220321 23:06:11.036"></status>
</kw>
<kw name="Log To Console" library="BuiltIn">
<doc>Logs the given message to the console.</doc>
<arguments>
<arg>Username:${username} inputted.</arg>
</arguments>
<status status="PASS" starttime="20220321 23:06:11.036" endtime="20220321 23:06:11.037"></status>
</kw>
<status status="PASS" starttime="20220321 23:06:04.547" endtime="20220321 23:06:11.038"></status>
</kw>
<kw name="Log To Console" library="BuiltIn">
<doc>Logs the given message to the console.</doc>
<arguments>
<arg>Input correct password</arg>
</arguments>
<status status="PASS" starttime="20220321 23:06:11.038" endtime="20220321 23:06:11.039"></status>
</kw>
<kw name="Input Password" library="LoginKeywords">
<arguments>
<arg>${owner_pass}</arg>
</arguments>
<kw name="Log To Console" library="BuiltIn">
<doc>Logs the given message to the console.</doc>
<arguments>
<arg>Inputting password...</arg>
</arguments>
<status status="PASS" starttime="20220321 23:06:11.041" endtime="20220321 23:06:11.041"></status>
</kw>
<kw name="Input Text" library="SeleniumLibrary">
<doc>Types the given ``text`` into the text field identified by ``locator``.</doc>
<arguments>
<arg>${field_password}</arg>
<arg>${password}</arg>
</arguments>
<msg timestamp="20220321 23:06:11.042" level="INFO">Typing text 'd3t@1l@dm1n' into text field 'xpath:/html/body/div/div/section/section/section/div[1]/div/div/form/div[2]/div/div[1]/input'.</msg>
<status status="PASS" starttime="20220321 23:06:11.042" endtime="20220321 23:06:17.384"></status>
</kw>
<kw name="Log To Console" library="BuiltIn">
<doc>Logs the given message to the console.</doc>
<arguments>
<arg>Password Inputted.</arg>
</arguments>
<status status="PASS" starttime="20220321 23:06:17.384" endtime="20220321 23:06:17.385"></status>
</kw>
<status status="PASS" starttime="20220321 23:06:11.040" endtime="20220321 23:06:17.385"></status>
</kw>
<kw name="Log To Console" library="BuiltIn">
<doc>Logs the given message to the console.</doc>
<arguments>
<arg>Select password seeker on login form</arg>
</arguments>
<status status="PASS" starttime="20220321 23:06:17.385" endtime="20220321 23:06:17.385"></status>
</kw>
<kw name="Un/Hide Password" library="LoginKeywords">
<kw name="Log To Console" library="BuiltIn">
<doc>Logs the given message to the console.</doc>
<arguments>
<arg>Checking password input...</arg>
</arguments>
<status status="PASS" starttime="20220321 23:06:17.387" endtime="20220321 23:06:17.388"></status>
</kw>
<kw name="Click Element" library="SeleniumLibrary">
<doc>Click the element identified by ``locator``.</doc>
<arguments>
<arg>${icon_private}</arg>
</arguments>
<msg timestamp="20220321 23:06:17.388" level="INFO">Clicking element 'xpath:/html/body/div/div/section/section/section/div[1]/div/div/form/div[2]/div/div/span'.</msg>
<status status="PASS" starttime="20220321 23:06:17.388" endtime="20220321 23:06:21.540"></status>
</kw>
<kw name="Click Element" library="SeleniumLibrary">
<doc>Click the element identified by ``locator``.</doc>
<arguments>
<arg>${icon_private}</arg>
</arguments>
<msg timestamp="20220321 23:06:21.542" level="INFO">Clicking element 'xpath:/html/body/div/div/section/section/section/div[1]/div/div/form/div[2]/div/div/span'.</msg>
<status status="PASS" starttime="20220321 23:06:21.541" endtime="20220321 23:06:25.676"></status>
</kw>
<status status="PASS" starttime="20220321 23:06:17.387" endtime="20220321 23:06:25.676"></status>
</kw>
<kw name="Log To Console" library="BuiltIn">
<doc>Logs the given message to the console.</doc>
<arguments>
<arg>Select login button</arg>
</arguments>
<status status="PASS" starttime="20220321 23:06:25.676" endtime="20220321 23:06:25.676"></status>
</kw>
<kw name="Click Login" library="LoginKeywords">
<kw name="Click Element" library="SeleniumLibrary">
<doc>Click the element identified by ``locator``.</doc>
<arguments>
<arg>${btn_login}</arg>
</arguments>
<msg timestamp="20220321 23:06:25.676" level="INFO">Clicking element 'xpath:/html/body/div/div/section/section/section/div[1]/div/div/form/div[3]/div/button'.</msg>
<status status="PASS" starttime="20220321 23:06:25.676" endtime="20220321 23:06:29.848"></status>
</kw>
<kw name="Log To Console" library="BuiltIn">
<doc>Logs the given message to the console.</doc>
<arguments>
<arg>Waiting to Login...</arg>
</arguments>
<status status="PASS" starttime="20220321 23:06:29.849" endtime="20220321 23:06:29.851"></status>
</kw>
<status status="PASS" starttime="20220321 23:06:25.676" endtime="20220321 23:06:29.853"></status>
</kw>
<kw name="Verify Login Success" library="LoginKeywords">
<kw name="Wait Until Element Is Visible" library="SeleniumLibrary">
<doc>Waits until the element ``locator`` is visible.</doc>
<arguments>
<arg>${scorecard}</arg>
<arg>60s</arg>
</arguments>
<status status="PASS" starttime="20220321 23:06:29.859" endtime="20220321 23:06:42.143"></status>
</kw>
<kw name="Log To Console" library="BuiltIn">
<doc>Logs the given message to the console.</doc>
<arguments>
<arg>User logged in successfully</arg>
</arguments>
<status status="PASS" starttime="20220321 23:06:42.143" endtime="20220321 23:06:42.143"></status>
</kw>
<status status="PASS" starttime="20220321 23:06:29.857" endtime="20220321 23:06:42.143"></status>
</kw>
<kw name="Logout" library="LoginKeywords">
<kw name="Wait Until Element Is Visible" library="SeleniumLibrary">
<doc>Waits until the element ``locator`` is visible.</doc>
<arguments>
<arg>${user_profile}</arg>
<arg>10s</arg>
</arguments>
<status status="PASS" starttime="20220321 23:06:42.149" endtime="20220321 23:06:46.244"></status>
</kw>
<kw name="Log To Console" library="BuiltIn">
<doc>Logs the given message to the console.</doc>
<arguments>
<arg>Click User Profile dropdown</arg>
</arguments>
<status status="PASS" starttime="20220321 23:06:46.244" endtime="20220321 23:06:46.245"></status>
</kw>
<kw name="Click Element" library="SeleniumLibrary">
<doc>Click the element identified by ``locator``.</doc>
<arguments>
<arg>${user_profile}</arg>
</arguments>
<msg timestamp="20220321 23:06:46.248" level="INFO">Clicking element 'xpath:/html/body/div/div/section/section[2]/div[1]/div[2]/div/div'.</msg>
<status status="PASS" starttime="20220321 23:06:46.247" endtime="20220321 23:06:50.426"></status>
</kw>
<kw name="Log To Console" library="BuiltIn">
<doc>Logs the given message to the console.</doc>
<arguments>
<arg>Select Logout</arg>
</arguments>
<status status="PASS" starttime="20220321 23:06:50.427" endtime="20220321 23:06:50.428"></status>
</kw>
<kw name="Click Element" library="SeleniumLibrary">
<doc>Click the element identified by ``locator``.</doc>
<arguments>
<arg>${logout_btn}</arg>
</arguments>
<msg timestamp="20220321 23:06:50.430" level="INFO">Clicking element 'xpath:/html/body/ul[1]/li'.</msg>
<status status="PASS" starttime="20220321 23:06:50.429" endtime="20220321 23:06:54.614"></status>
</kw>
<kw name="Wait Until Element Is Visible" library="SeleniumLibrary">
<doc>Waits until the element ``locator`` is visible.</doc>
<arguments>
<arg>${login_form}</arg>
<arg>10s</arg>
</arguments>
<status status="PASS" starttime="20220321 23:06:54.614" endtime="20220321 23:07:01.941"></status>
</kw>
<kw name="Log To Console" library="BuiltIn">
<doc>Logs the given message to the console.</doc>
<arguments>
<arg>User Logged out</arg>
</arguments>
<status status="PASS" starttime="20220321 23:07:01.941" endtime="20220321 23:07:01.943"></status>
</kw>
<status status="PASS" starttime="20220321 23:06:42.149" endtime="20220321 23:07:01.944"></status>
</kw>
<kw name="Teardown Properties" type="teardown">
<kw name="Sleep" library="BuiltIn">
<doc>Pauses the test executed for the given time.</doc>
<arguments>
<arg>5s</arg>
</arguments>
<msg timestamp="20220321 23:07:06.948" level="INFO">Slept 5 seconds</msg>
<status status="PASS" starttime="20220321 23:07:01.947" endtime="20220321 23:07:06.949"></status>
</kw>
<status status="PASS" starttime="20220321 23:07:01.947" endtime="20220321 23:07:06.950"></status>
</kw>
<tags>
<tag>correct</tag>
</tags>
<status status="PASS" starttime="20220321 23:06:02.535" endtime="20220321 23:07:06.951" critical="yes"></status>
</test>
<test id="s1-t2" name="7.0 Login - Login using incorrect credentials">
<kw name="Setup Properties" type="setup">
<kw name="Set Selenium Speed" library="SeleniumLibrary">
<doc>Sets the delay that is waited after each Selenium command.</doc>
<arguments>
<arg>2s</arg>
</arguments>
<status status="PASS" starttime="20220321 23:07:06.955" endtime="20220321 23:07:06.955"></status>
</kw>
<kw name="Set Selenium Timeout" library="SeleniumLibrary">
<doc>Sets the timeout that is used by various keywords.</doc>
<arguments>
<arg>60s</arg>
</arguments>
<status status="PASS" starttime="20220321 23:07:06.955" endtime="20220321 23:07:08.956"></status>
</kw>
<status status="PASS" starttime="20220321 23:07:06.955" endtime="20220321 23:07:08.957"></status>
</kw>
<kw name="Log To Console" library="BuiltIn">
<doc>Logs the given message to the console.</doc>
<arguments>
<arg>Input incorrect email address</arg>
</arguments>
<status status="PASS" starttime="20220321 23:07:08.957" endtime="20220321 23:07:08.957"></status>
</kw>
<kw name="Input Username" library="LoginKeywords">
<arguments>
<arg>${incorrectemail}</arg>
</arguments>
<kw name="Log To Console" library="BuiltIn">
<doc>Logs the given message to the console.</doc>
<arguments>
<arg>Inputting username...</arg>
</arguments>
<status status="PASS" starttime="20220321 23:07:08.961" endtime="20220321 23:07:08.961"></status>
</kw>
<kw name="Input Text" library="SeleniumLibrary">
<doc>Types the given ``text`` into the text field identified by ``locator``.</doc>
<arguments>
<arg>${field_username}</arg>
<arg>${username}</arg>
</arguments>
<msg timestamp="20220321 23:07:08.967" level="INFO">Typing text 'admin123@detailonline.com' into text field 'xpath:/html/body/div/div/section/section/section/div[1]/div/div/form/div[1]/div/div/input'.</msg>
<status status="PASS" starttime="20220321 23:07:08.966" endtime="20220321 23:07:15.537"></status>
</kw>
<kw name="Log To Console" library="BuiltIn">
<doc>Logs the given message to the console.</doc>
<arguments>
<arg>Username:${username} inputted.</arg>
</arguments>
<status status="PASS" starttime="20220321 23:07:15.537" endtime="20220321 23:07:15.537"></status>
</kw>
<status status="PASS" starttime="20220321 23:07:08.961" endtime="20220321 23:07:15.540"></status>
</kw>
<kw name="Log To Console" library="BuiltIn">
<doc>Logs the given message to the console.</doc>
<arguments>
<arg>Input correct password</arg>
</arguments>
<status status="PASS" starttime="20220321 23:07:15.541" endtime="20220321 23:07:15.541"></status>
</kw>
<kw name="Input Password" library="LoginKeywords">
<arguments>
<arg>${invalidpassword}</arg>
</arguments>
<kw name="Log To Console" library="BuiltIn">
<doc>Logs the given message to the console.</doc>
<arguments>
<arg>Inputting password...</arg>
</arguments>
<status status="PASS" starttime="20220321 23:07:15.544" endtime="20220321 23:07:15.544"></status>
</kw>
<kw name="Input Text" library="SeleniumLibrary">
<doc>Types the given ``text`` into the text field identified by ``locator``.</doc>
<arguments>
<arg>${field_password}</arg>
<arg>${password}</arg>
</arguments>
<msg timestamp="20220321 23:07:15.547" level="INFO">Typing text 'admin123password' into text field 'xpath:/html/body/div/div/section/section/section/div[1]/div/div/form/div[2]/div/div[1]/input'.</msg>
<status status="PASS" starttime="20220321 23:07:15.546" endtime="20220321 23:07:21.944"></status>
</kw>
<kw name="Log To Console" library="BuiltIn">
<doc>Logs the given message to the console.</doc>
<arguments>
<arg>Password Inputted.</arg>
</arguments>
<status status="PASS" starttime="20220321 23:07:21.945" endtime="20220321 23:07:21.945"></status>
</kw>
<status status="PASS" starttime="20220321 23:07:15.544" endtime="20220321 23:07:21.945"></status>
</kw>
<kw name="Log To Console" library="BuiltIn">
<doc>Logs the given message to the console.</doc>
<arguments>
<arg>Select password seeker on login form</arg>
</arguments>
<status status="PASS" starttime="20220321 23:07:21.945" endtime="20220321 23:07:21.945"></status>
</kw>
<kw name="Un/Hide Password" library="LoginKeywords">
<kw name="Log To Console" library="BuiltIn">
<doc>Logs the given message to the console.</doc>
<arguments>
<arg>Checking password input...</arg>
</arguments>
<status status="PASS" starttime="20220321 23:07:21.952" endtime="20220321 23:07:21.952"></status>
</kw>
<kw name="Click Element" library="SeleniumLibrary">
<doc>Click the element identified by ``locator``.</doc>
<arguments>
<arg>${icon_private}</arg>
</arguments>
<msg timestamp="20220321 23:07:21.954" level="INFO">Clicking element 'xpath:/html/body/div/div/section/section/section/div[1]/div/div/form/div[2]/div/div/span'.</msg>
<status status="PASS" starttime="20220321 23:07:21.953" endtime="20220321 23:07:26.105"></status>
</kw>
<kw name="Click Element" library="SeleniumLibrary">
<doc>Click the element identified by ``locator``.</doc>
<arguments>
<arg>${icon_private}</arg>
</arguments>
<msg timestamp="20220321 23:07:26.107" level="INFO">Clicking element 'xpath:/html/body/div/div/section/section/section/div[1]/div/div/form/div[2]/div/div/span'.</msg>
<status status="PASS" starttime="20220321 23:07:26.106" endtime="20220321 23:07:30.254"></status>
</kw>
<status status="PASS" starttime="20220321 23:07:21.950" endtime="20220321 23:07:30.255"></status>
</kw>
<kw name="Log To Console" library="BuiltIn">
<doc>Logs the given message to the console.</doc>
<arguments>
<arg>Select login button</arg>
</arguments>
<status status="PASS" starttime="20220321 23:07:30.258" endtime="20220321 23:07:30.260"></status>
</kw>
<kw name="Click Login" library="LoginKeywords">
<kw name="Click Element" library="SeleniumLibrary">
<doc>Click the element identified by ``locator``.</doc>
<arguments>
<arg>${btn_login}</arg>
</arguments>
<msg timestamp="20220321 23:07:30.266" level="INFO">Clicking element 'xpath:/html/body/div/div/section/section/section/div[1]/div/div/form/div[3]/div/button'.</msg>
<status status="PASS" starttime="20220321 23:07:30.264" endtime="20220321 23:07:34.456"></status>
</kw>
<kw name="Log To Console" library="BuiltIn">
<doc>Logs the given message to the console.</doc>
<arguments>
<arg>Waiting to Login...</arg>
</arguments>
<status status="PASS" starttime="20220321 23:07:34.458" endtime="20220321 23:07:34.458"></status>
</kw>
<status status="PASS" starttime="20220321 23:07:30.261" endtime="20220321 23:07:34.459"></status>
</kw>
<kw name="Verify Error Message" library="LoginKeywords">
<kw name="Wait Until Element Is Visible" library="SeleniumLibrary">
<doc>Waits until the element ``locator`` is visible.</doc>
<arguments>
<arg>${error_msg}</arg>
<arg>60s</arg>
</arguments>
<status status="PASS" starttime="20220321 23:07:34.460" endtime="20220321 23:07:38.545"></status>
</kw>
<kw name="Log To Console" library="BuiltIn">
<doc>Logs the given message to the console.</doc>
<arguments>
<arg>Error message is displayed</arg>
</arguments>
<status status="PASS" starttime="20220321 23:07:38.545" endtime="20220321 23:07:38.545"></status>
</kw>
<status status="PASS" starttime="20220321 23:07:34.460" endtime="20220321 23:07:38.548"></status>
</kw>
<kw name="Teardown Properties" type="teardown">
<kw name="Sleep" library="BuiltIn">
<doc>Pauses the test executed for the given time.</doc>
<arguments>
<arg>5s</arg>
</arguments>
<msg timestamp="20220321 23:07:43.555" level="INFO">Slept 5 seconds</msg>
<status status="PASS" starttime="20220321 23:07:38.549" endtime="20220321 23:07:43.555"></status>
</kw>
<status status="PASS" starttime="20220321 23:07:38.549" endtime="20220321 23:07:43.555"></status>
</kw>
<tags>
<tag>incorrect</tag>
</tags>
<status status="PASS" starttime="20220321 23:07:06.955" endtime="20220321 23:07:43.555" critical="yes"></status>
</test>
<test id="s1-t3" name="7.0 Login - Login using incorrect email address/correct password">
<kw name="Setup Properties" type="setup">
<kw name="Set Selenium Speed" library="SeleniumLibrary">
<doc>Sets the delay that is waited after each Selenium command.</doc>
<arguments>
<arg>2s</arg>
</arguments>
<status status="PASS" starttime="20220321 23:07:43.562" endtime="20220321 23:07:43.562"></status>
</kw>
<kw name="Set Selenium Timeout" library="SeleniumLibrary">
<doc>Sets the timeout that is used by various keywords.</doc>
<arguments>
<arg>60s</arg>
</arguments>
<status status="PASS" starttime="20220321 23:07:43.562" endtime="20220321 23:07:45.564"></status>
</kw>
<status status="PASS" starttime="20220321 23:07:43.562" endtime="20220321 23:07:45.564"></status>
</kw>
<kw name="Log To Console" library="BuiltIn">
<doc>Logs the given message to the console.</doc>
<arguments>
<arg>Input incorrect email address</arg>
</arguments>
<status status="PASS" starttime="20220321 23:07:45.564" endtime="20220321 23:07:45.564"></status>
</kw>
<kw name="Input Username" library="LoginKeywords">
<arguments>
<arg>${incorrectemail}</arg>
</arguments>
<kw name="Log To Console" library="BuiltIn">
<doc>Logs the given message to the console.</doc>
<arguments>
<arg>Inputting username...</arg>
</arguments>
<status status="PASS" starttime="20220321 23:07:45.569" endtime="20220321 23:07:45.569"></status>
</kw>
<kw name="Input Text" library="SeleniumLibrary">
<doc>Types the given ``text`` into the text field identified by ``locator``.</doc>
<arguments>
<arg>${field_username}</arg>
<arg>${username}</arg>
</arguments>
<msg timestamp="20220321 23:07:45.572" level="INFO">Typing text 'admin123@detailonline.com' into text field 'xpath:/html/body/div/div/section/section/section/div[1]/div/div/form/div[1]/div/div/input'.</msg>
<status status="PASS" starttime="20220321 23:07:45.572" endtime="20220321 23:07:51.985"></status>
</kw>
<kw name="Log To Console" library="BuiltIn">
<doc>Logs the given message to the console.</doc>
<arguments>
<arg>Username:${username} inputted.</arg>
</arguments>
<status status="PASS" starttime="20220321 23:07:51.985" endtime="20220321 23:07:51.985"></status>
</kw>
<status status="PASS" starttime="20220321 23:07:45.569" endtime="20220321 23:07:51.989"></status>
</kw>
<kw name="Log To Console" library="BuiltIn">
<doc>Logs the given message to the console.</doc>
<arguments>
<arg>Input correct password</arg>
</arguments>
<status status="PASS" starttime="20220321 23:07:51.990" endtime="20220321 23:07:51.990"></status>
</kw>
<kw name="Input Password" library="LoginKeywords">
<arguments>
<arg>${admin_pass}</arg>
</arguments>
<kw name="Log To Console" library="BuiltIn">
<doc>Logs the given message to the console.</doc>
<arguments>
<arg>Inputting password...</arg>
</arguments>
<status status="PASS" starttime="20220321 23:07:51.993" endtime="20220321 23:07:51.993"></status>
</kw>
<kw name="Input Text" library="SeleniumLibrary">
<doc>Types the given ``text`` into the text field identified by ``locator``.</doc>
<arguments>
<arg>${field_password}</arg>
<arg>${password}</arg>
</arguments>
<msg timestamp="20220321 23:07:51.998" level="INFO">Typing text 'Packages1' into text field 'xpath:/html/body/div/div/section/section/section/div[1]/div/div/form/div[2]/div/div[1]/input'.</msg>
<status status="PASS" starttime="20220321 23:07:51.996" endtime="20220321 23:07:58.410"></status>
</kw>
<kw name="Log To Console" library="BuiltIn">
<doc>Logs the given message to the console.</doc>
<arguments>
<arg>Password Inputted.</arg>
</arguments>
<status status="PASS" starttime="20220321 23:07:58.410" endtime="20220321 23:07:58.410"></status>
</kw>
<status status="PASS" starttime="20220321 23:07:51.993" endtime="20220321 23:07:58.410"></status>
</kw>
<kw name="Log To Console" library="BuiltIn">
<doc>Logs the given message to the console.</doc>
<arguments>
<arg>Select password seeker on login form</arg>
</arguments>
<status status="PASS" starttime="20220321 23:07:58.410" endtime="20220321 23:07:58.410"></status>
</kw>
<kw name="Un/Hide Password" library="LoginKeywords">
<kw name="Log To Console" library="BuiltIn">
<doc>Logs the given message to the console.</doc>
<arguments>
<arg>Checking password input...</arg>
</arguments>
<status status="PASS" starttime="20220321 23:07:58.420" endtime="20220321 23:07:58.420"></status>
</kw>
<kw name="Click Element" library="SeleniumLibrary">
<doc>Click the element identified by ``locator``.</doc>
<arguments>
<arg>${icon_private}</arg>
</arguments>
<msg timestamp="20220321 23:07:58.422" level="INFO">Clicking element 'xpath:/html/body/div/div/section/section/section/div[1]/div/div/form/div[2]/div/div/span'.</msg>
<status status="PASS" starttime="20220321 23:07:58.422" endtime="20220321 23:08:02.588"></status>
</kw>
<kw name="Click Element" library="SeleniumLibrary">
<doc>Click the element identified by ``locator``.</doc>
<arguments>
<arg>${icon_private}</arg>
</arguments>
<msg timestamp="20220321 23:08:02.590" level="INFO">Clicking element 'xpath:/html/body/div/div/section/section/section/div[1]/div/div/form/div[2]/div/div/span'.</msg>
<status status="PASS" starttime="20220321 23:08:02.589" endtime="20220321 23:08:06.733"></status>
</kw>
<status status="PASS" starttime="20220321 23:07:58.420" endtime="20220321 23:08:06.733"></status>
</kw>
<kw name="Log To Console" library="BuiltIn">
<doc>Logs the given message to the console.</doc>
<arguments>
<arg>Select login button</arg>
</arguments>
<status status="PASS" starttime="20220321 23:08:06.733" endtime="20220321 23:08:06.733"></status>
</kw>
<kw name="Click Login" library="LoginKeywords">
<kw name="Click Element" library="SeleniumLibrary">
<doc>Click the element identified by ``locator``.</doc>
<arguments>
<arg>${btn_login}</arg>
</arguments>
<msg timestamp="20220321 23:08:06.733" level="INFO">Clicking element 'xpath:/html/body/div/div/section/section/section/div[1]/div/div/form/div[3]/div/button'.</msg>
<status status="PASS" starttime="20220321 23:08:06.733" endtime="20220321 23:08:10.884"></status>
</kw>
<kw name="Log To Console" library="BuiltIn">
<doc>Logs the given message to the console.</doc>
<arguments>
<arg>Waiting to Login...</arg>
</arguments>
<status status="PASS" starttime="20220321 23:08:10.885" endtime="20220321 23:08:10.886"></status>
</kw>
<status status="PASS" starttime="20220321 23:08:06.733" endtime="20220321 23:08:10.888"></status>
</kw>
<kw name="Verify Error Message" library="LoginKeywords">
<kw name="Wait Until Element Is Visible" library="SeleniumLibrary">
<doc>Waits until the element ``locator`` is visible.</doc>
<arguments>
<arg>${error_msg}</arg>
<arg>60s</arg>
</arguments>
<status status="PASS" starttime="20220321 23:08:10.889" endtime="20220321 23:08:14.971"></status>
</kw>
<kw name="Log To Console" library="BuiltIn">
<doc>Logs the given message to the console.</doc>
<arguments>
<arg>Error message is displayed</arg>
</arguments>
<status status="PASS" starttime="20220321 23:08:14.972" endtime="20220321 23:08:14.973"></status>
</kw>
<status status="PASS" starttime="20220321 23:08:10.889" endtime="20220321 23:08:14.974"></status>
</kw>
<kw name="Teardown Properties" type="teardown">
<kw name="Sleep" library="BuiltIn">
<doc>Pauses the test executed for the given time.</doc>
<arguments>
<arg>5s</arg>
</arguments>
<msg timestamp="20220321 23:08:19.986" level="INFO">Slept 5 seconds</msg>
<status status="PASS" starttime="20220321 23:08:14.975" endtime="20220321 23:08:19.987"></status>
</kw>
<status status="PASS" starttime="20220321 23:08:14.975" endtime="20220321 23:08:19.987"></status>
</kw>
<tags>
<tag>incorrect</tag>
</tags>
<status status="PASS" starttime="20220321 23:07:43.561" endtime="20220321 23:08:19.987" critical="yes"></status>
</test>
<test id="s1-t4" name="7.0 Login- Verify Redirect page after login using Admin Acct">
<kw name="Setup Properties" type="setup">
<kw name="Set Selenium Speed" library="SeleniumLibrary">
<doc>Sets the delay that is waited after each Selenium command.</doc>
<arguments>
<arg>2s</arg>
</arguments>
<status status="PASS" starttime="20220321 23:08:19.993" endtime="20220321 23:08:19.993"></status>
</kw>
<kw name="Set Selenium Timeout" library="SeleniumLibrary">
<doc>Sets the timeout that is used by various keywords.</doc>
<arguments>
<arg>60s</arg>
</arguments>
<status status="PASS" starttime="20220321 23:08:19.993" endtime="20220321 23:08:21.994"></status>
</kw>
<status status="PASS" starttime="20220321 23:08:19.993" endtime="20220321 23:08:21.994"></status>
</kw>
<kw name="Log To Console" library="BuiltIn">
<doc>Logs the given message to the console.</doc>
<arguments>
<arg>Input correct email address</arg>
</arguments>
<status status="PASS" starttime="20220321 23:08:21.994" endtime="20220321 23:08:21.994"></status>
</kw>
<kw name="Input Username" library="LoginKeywords">
<arguments>
<arg>${admin}</arg>
</arguments>
<kw name="Log To Console" library="BuiltIn">
<doc>Logs the given message to the console.</doc>
<arguments>
<arg>Inputting username...</arg>
</arguments>
<status status="PASS" starttime="20220321 23:08:21.994" endtime="20220321 23:08:21.994"></status>
</kw>
<kw name="Input Text" library="SeleniumLibrary">
<doc>Types the given ``text`` into the text field identified by ``locator``.</doc>
<arguments>
<arg>${field_username}</arg>
<arg>${username}</arg>
</arguments>
<msg timestamp="20220321 23:08:22.004" level="INFO">Typing text 'issa.david@detailonline.tech' into text field 'xpath:/html/body/div/div/section/section/section/div[1]/div/div/form/div[1]/div/div/input'.</msg>
<status status="PASS" starttime="20220321 23:08:22.003" endtime="20220321 23:08:28.383"></status>
</kw>
<kw name="Log To Console" library="BuiltIn">
<doc>Logs the given message to the console.</doc>
<arguments>
<arg>Username:${username} inputted.</arg>
</arguments>
<status status="PASS" starttime="20220321 23:08:28.383" endtime="20220321 23:08:28.383"></status>
</kw>
<status status="PASS" starttime="20220321 23:08:21.994" endtime="20220321 23:08:28.386"></status>
</kw>
<kw name="Log To Console" library="BuiltIn">
<doc>Logs the given message to the console.</doc>
<arguments>
<arg>Input correct password</arg>
</arguments>
<status status="PASS" starttime="20220321 23:08:28.387" endtime="20220321 23:08:28.387"></status>
</kw>
<kw name="Input Password" library="LoginKeywords">
<arguments>
<arg>${admin_pass}</arg>
</arguments>
<kw name="Log To Console" library="BuiltIn">
<doc>Logs the given message to the console.</doc>
<arguments>
<arg>Inputting password...</arg>
</arguments>
<status status="PASS" starttime="20220321 23:08:28.390" endtime="20220321 23:08:28.390"></status>
</kw>
<kw name="Input Text" library="SeleniumLibrary">
<doc>Types the given ``text`` into the text field identified by ``locator``.</doc>
<arguments>
<arg>${field_password}</arg>
<arg>${password}</arg>
</arguments>
<msg timestamp="20220321 23:08:28.394" level="INFO">Typing text 'Packages1' into text field 'xpath:/html/body/div/div/section/section/section/div[1]/div/div/form/div[2]/div/div[1]/input'.</msg>
<status status="PASS" starttime="20220321 23:08:28.393" endtime="20220321 23:08:34.687"></status>
</kw>
<kw name="Log To Console" library="BuiltIn">
<doc>Logs the given message to the console.</doc>
<arguments>
<arg>Password Inputted.</arg>
</arguments>
<status status="PASS" starttime="20220321 23:08:34.687" endtime="20220321 23:08:34.689"></status>
</kw>
<status status="PASS" starttime="20220321 23:08:28.390" endtime="20220321 23:08:34.689"></status>
</kw>
<kw name="Un/Hide Password" library="LoginKeywords">
<kw name="Log To Console" library="BuiltIn">
<doc>Logs the given message to the console.</doc>
<arguments>
<arg>Checking password input...</arg>
</arguments>
<status status="PASS" starttime="20220321 23:08:34.692" endtime="20220321 23:08:34.692"></status>
</kw>
<kw name="Click Element" library="SeleniumLibrary">
<doc>Click the element identified by ``locator``.</doc>
<arguments>
<arg>${icon_private}</arg>
</arguments>
<msg timestamp="20220321 23:08:34.695" level="INFO">Clicking element 'xpath:/html/body/div/div/section/section/section/div[1]/div/div/form/div[2]/div/div/span'.</msg>
<status status="PASS" starttime="20220321 23:08:34.695" endtime="20220321 23:08:38.818"></status>
</kw>
<kw name="Click Element" library="SeleniumLibrary">
<doc>Click the element identified by ``locator``.</doc>
<arguments>
<arg>${icon_private}</arg>
</arguments>
<msg timestamp="20220321 23:08:38.819" level="INFO">Clicking element 'xpath:/html/body/div/div/section/section/section/div[1]/div/div/form/div[2]/div/div/span'.</msg>
<status status="PASS" starttime="20220321 23:08:38.819" endtime="20220321 23:08:42.921"></status>
</kw>
<status status="PASS" starttime="20220321 23:08:34.692" endtime="20220321 23:08:42.921"></status>
</kw>
<kw name="Click Login" library="LoginKeywords">
<kw name="Click Element" library="SeleniumLibrary">
<doc>Click the element identified by ``locator``.</doc>
<arguments>
<arg>${btn_login}</arg>
</arguments>
<msg timestamp="20220321 23:08:42.921" level="INFO">Clicking element 'xpath:/html/body/div/div/section/section/section/div[1]/div/div/form/div[3]/div/button'.</msg>
<status status="PASS" starttime="20220321 23:08:42.921" endtime="20220321 23:08:47.054"></status>
</kw>
<kw name="Log To Console" library="BuiltIn">
<doc>Logs the given message to the console.</doc>
<arguments>
<arg>Waiting to Login...</arg>
</arguments>
<status status="PASS" starttime="20220321 23:08:47.055" endtime="20220321 23:08:47.057"></status>
</kw>
<status status="PASS" starttime="20220321 23:08:42.921" endtime="20220321 23:08:47.057"></status>
</kw>
<kw name="Verify Admin Login" library="LoginKeywords">
<kw name="Wait Until Element Is Visible" library="SeleniumLibrary">
<doc>Waits until the element ``locator`` is visible.</doc>
<arguments>
<arg>${companies}</arg>
<arg>60s</arg>
</arguments>
<status status="PASS" starttime="20220321 23:08:47.060" endtime="20220321 23:08:53.383"></status>
</kw>
<kw name="Log To Console" library="BuiltIn">
<doc>Logs the given message to the console.</doc>
<arguments>
<arg>Companies are displayed...</arg>
</arguments>
<status status="PASS" starttime="20220321 23:08:53.383" endtime="20220321 23:08:53.383"></status>
</kw>
<status status="PASS" starttime="20220321 23:08:47.060" endtime="20220321 23:08:53.386"></status>
</kw>
<kw name="Logout Admin" library="LoginKeywords">
<kw name="Wait Until Element Is Visible" library="SeleniumLibrary">
<doc>Waits until the element ``locator`` is visible.</doc>
<arguments>
<arg>${admin_profile}</arg>
<arg>60s</arg>
</arguments>
<status status="PASS" starttime="20220321 23:08:53.387" endtime="20220321 23:08:57.459"></status>
</kw>
<kw name="Log To Console" library="BuiltIn">
<doc>Logs the given message to the console.</doc>
<arguments>
<arg>Click User Profile dropdown</arg>
</arguments>
<status status="PASS" starttime="20220321 23:08:57.459" endtime="20220321 23:08:57.459"></status>
</kw>
<kw name="Click Element" library="SeleniumLibrary">
<doc>Click the element identified by ``locator``.</doc>
<arguments>
<arg>${admin_profile}</arg>
</arguments>
<msg timestamp="20220321 23:08:57.462" level="INFO">Clicking element 'xpath:/html/body/div/div/section/section[2]/div/div/div/div'.</msg>
<status status="PASS" starttime="20220321 23:08:57.461" endtime="20220321 23:09:01.607"></status>
</kw>
<kw name="Log To Console" library="BuiltIn">
<doc>Logs the given message to the console.</doc>
<arguments>
<arg>Select Logout</arg>
</arguments>
<status status="PASS" starttime="20220321 23:09:01.607" endtime="20220321 23:09:01.607"></status>
</kw>
<kw name="Click Element" library="SeleniumLibrary">
<doc>Click the element identified by ``locator``.</doc>
<arguments>
<arg>${logout_btn}</arg>
</arguments>
<msg timestamp="20220321 23:09:01.611" level="INFO">Clicking element 'xpath:/html/body/ul[1]/li'.</msg>
<status status="PASS" starttime="20220321 23:09:01.607" endtime="20220321 23:09:05.833"></status>
</kw>
<kw name="Wait Until Element Is Visible" library="SeleniumLibrary">
<doc>Waits until the element ``locator`` is visible.</doc>
<arguments>
<arg>${login_form}</arg>
<arg>10s</arg>
</arguments>
<status status="PASS" starttime="20220321 23:09:05.834" endtime="20220321 23:09:09.923"></status>
</kw>
<kw name="Log To Console" library="BuiltIn">
<doc>Logs the given message to the console.</doc>
<arguments>
<arg>Admin Logged out</arg>
</arguments>
<status status="PASS" starttime="20220321 23:09:09.923" endtime="20220321 23:09:09.924"></status>
</kw>
<status status="PASS" starttime="20220321 23:08:53.387" endtime="20220321 23:09:09.924"></status>
</kw>
<kw name="Teardown Properties" type="teardown">
<kw name="Sleep" library="BuiltIn">
<doc>Pauses the test executed for the given time.</doc>
<arguments>
<arg>5s</arg>
</arguments>
<msg timestamp="20220321 23:09:14.931" level="INFO">Slept 5 seconds</msg>
<status status="PASS" starttime="20220321 23:09:09.925" endtime="20220321 23:09:14.931"></status>
</kw>
<status status="PASS" starttime="20220321 23:09:09.925" endtime="20220321 23:09:14.932"></status>
</kw>
<tags>
<tag>admin</tag>
</tags>
<status status="PASS" starttime="20220321 23:08:19.992" endtime="20220321 23:09:14.932" critical="yes"></status>
</test>
<test id="s1-t5" name="7.0 Login- Verify Redirect page after login using Owner Acct">
<kw name="Setup Properties" type="setup">
<kw name="Set Selenium Speed" library="SeleniumLibrary">
<doc>Sets the delay that is waited after each Selenium command.</doc>
<arguments>
<arg>2s</arg>
</arguments>
<status status="PASS" starttime="20220321 23:09:14.938" endtime="20220321 23:09:14.938"></status>
</kw>
<kw name="Set Selenium Timeout" library="SeleniumLibrary">
<doc>Sets the timeout that is used by various keywords.</doc>
<arguments>
<arg>60s</arg>
</arguments>
<status status="PASS" starttime="20220321 23:09:14.938" endtime="20220321 23:09:16.953"></status>
</kw>
<status status="PASS" starttime="20220321 23:09:14.938" endtime="20220321 23:09:16.954"></status>
</kw>
<kw name="Log To Console" library="BuiltIn">
<doc>Logs the given message to the console.</doc>
<arguments>
<arg>Input correct email address</arg>
</arguments>
<status status="PASS" starttime="20220321 23:09:16.954" endtime="20220321 23:09:16.954"></status>
</kw>
<kw name="Input Username" library="LoginKeywords">
<arguments>
<arg>${owner}</arg>
</arguments>
<kw name="Log To Console" library="BuiltIn">
<doc>Logs the given message to the console.</doc>
<arguments>
<arg>Inputting username...</arg>
</arguments>
<status status="PASS" starttime="20220321 23:09:16.954" endtime="20220321 23:09:16.954"></status>
</kw>
<kw name="Input Text" library="SeleniumLibrary">
<doc>Types the given ``text`` into the text field identified by ``locator``.</doc>
<arguments>
<arg>${field_username}</arg>
<arg>${username}</arg>
</arguments>
<msg timestamp="20220321 23:09:16.961" level="INFO">Typing text 'msprice-own@mailinator.com' into text field 'xpath:/html/body/div/div/section/section/section/div[1]/div/div/form/div[1]/div/div/input'.</msg>
<status status="PASS" starttime="20220321 23:09:16.961" endtime="20220321 23:09:23.482"></status>
</kw>
<kw name="Log To Console" library="BuiltIn">
<doc>Logs the given message to the console.</doc>
<arguments>
<arg>Username:${username} inputted.</arg>
</arguments>
<status status="PASS" starttime="20220321 23:09:23.483" endtime="20220321 23:09:23.483"></status>
</kw>
<status status="PASS" starttime="20220321 23:09:16.954" endtime="20220321 23:09:23.485"></status>
</kw>
<kw name="Log To Console" library="BuiltIn">
<doc>Logs the given message to the console.</doc>
<arguments>
<arg>Input correct password</arg>
</arguments>
<status status="PASS" starttime="20220321 23:09:23.486" endtime="20220321 23:09:23.486"></status>
</kw>
<kw name="Input Password" library="LoginKeywords">
<arguments>
<arg>${owner_pass}</arg>
</arguments>
<kw name="Log To Console" library="BuiltIn">
<doc>Logs the given message to the console.</doc>
<arguments>
<arg>Inputting password...</arg>
</arguments>
<status status="PASS" starttime="20220321 23:09:23.489" endtime="20220321 23:09:23.489"></status>
</kw>
<kw name="Input Text" library="SeleniumLibrary">
<doc>Types the given ``text`` into the text field identified by ``locator``.</doc>
<arguments>
<arg>${field_password}</arg>
<arg>${password}</arg>
</arguments>
<msg timestamp="20220321 23:09:23.493" level="INFO">Typing text 'd3t@1l@dm1n' into text field 'xpath:/html/body/div/div/section/section/section/div[1]/div/div/form/div[2]/div/div[1]/input'.</msg>
<status status="PASS" starttime="20220321 23:09:23.492" endtime="20220321 23:09:29.928"></status>
</kw>
<kw name="Log To Console" library="BuiltIn">
<doc>Logs the given message to the console.</doc>
<arguments>
<arg>Password Inputted.</arg>
</arguments>
<status status="PASS" starttime="20220321 23:09:29.929" endtime="20220321 23:09:29.932"></status>
</kw>
<status status="PASS" starttime="20220321 23:09:23.489" endtime="20220321 23:09:29.933"></status>
</kw>
<kw name="Un/Hide Password" library="LoginKeywords">
<kw name="Log To Console" library="BuiltIn">
<doc>Logs the given message to the console.</doc>
<arguments>
<arg>Checking password input...</arg>
</arguments>
<status status="PASS" starttime="20220321 23:09:29.936" endtime="20220321 23:09:29.941"></status>
</kw>
<kw name="Click Element" library="SeleniumLibrary">
<doc>Click the element identified by ``locator``.</doc>
<arguments>
<arg>${icon_private}</arg>
</arguments>
<msg timestamp="20220321 23:09:29.943" level="INFO">Clicking element 'xpath:/html/body/div/div/section/section/section/div[1]/div/div/form/div[2]/div/div/span'.</msg>
<status status="PASS" starttime="20220321 23:09:29.941" endtime="20220321 23:09:34.134"></status>
</kw>
<kw name="Click Element" library="SeleniumLibrary">
<doc>Click the element identified by ``locator``.</doc>
<arguments>
<arg>${icon_private}</arg>
</arguments>
<msg timestamp="20220321 23:09:34.135" level="INFO">Clicking element 'xpath:/html/body/div/div/section/section/section/div[1]/div/div/form/div[2]/div/div/span'.</msg>
<status status="PASS" starttime="20220321 23:09:34.135" endtime="20220321 23:09:38.242"></status>
</kw>
<status status="PASS" starttime="20220321 23:09:29.936" endtime="20220321 23:09:38.242"></status>
</kw>
<kw name="Click Login" library="LoginKeywords">
<kw name="Click Element" library="SeleniumLibrary">
<doc>Click the element identified by ``locator``.</doc>
<arguments>
<arg>${btn_login}</arg>
</arguments>
<msg timestamp="20220321 23:09:38.242" level="INFO">Clicking element 'xpath:/html/body/div/div/section/section/section/div[1]/div/div/form/div[3]/div/button'.</msg>
<status status="PASS" starttime="20220321 23:09:38.242" endtime="20220321 23:09:42.426"></status>
</kw>
<kw name="Log To Console" library="BuiltIn">
<doc>Logs the given message to the console.</doc>
<arguments>
<arg>Waiting to Login...</arg>
</arguments>
<status status="PASS" starttime="20220321 23:09:42.426" endtime="20220321 23:09:42.426"></status>
</kw>
<status status="PASS" starttime="20220321 23:09:38.242" endtime="20220321 23:09:42.426"></status>
</kw>
<kw name="Verify Login Success" library="LoginKeywords">
<kw name="Wait Until Element Is Visible" library="SeleniumLibrary">
<doc>Waits until the element ``locator`` is visible.</doc>
<arguments>
<arg>${scorecard}</arg>
<arg>60s</arg>
</arguments>
<status status="PASS" starttime="20220321 23:09:42.431" endtime="20220321 23:09:57.098"></status>
</kw>
<kw name="Log To Console" library="BuiltIn">
<doc>Logs the given message to the console.</doc>
<arguments>
<arg>User logged in successfully</arg>
</arguments>
<status status="PASS" starttime="20220321 23:09:57.098" endtime="20220321 23:09:57.098"></status>
</kw>
<status status="PASS" starttime="20220321 23:09:42.431" endtime="20220321 23:09:57.101"></status>
</kw>
<kw name="Logout" library="LoginKeywords">
<kw name="Wait Until Element Is Visible" library="SeleniumLibrary">
<doc>Waits until the element ``locator`` is visible.</doc>
<arguments>
<arg>${user_profile}</arg>
<arg>10s</arg>
</arguments>
<status status="PASS" starttime="20220321 23:09:57.102" endtime="20220321 23:10:01.185"></status>
</kw>
<kw name="Log To Console" library="BuiltIn">
<doc>Logs the given message to the console.</doc>
<arguments>
<arg>Click User Profile dropdown</arg>
</arguments>
<status status="PASS" starttime="20220321 23:10:01.185" endtime="20220321 23:10:01.185"></status>
</kw>
<kw name="Click Element" library="SeleniumLibrary">
<doc>Click the element identified by ``locator``.</doc>
<arguments>
<arg>${user_profile}</arg>
</arguments>
<msg timestamp="20220321 23:10:01.188" level="INFO">Clicking element 'xpath:/html/body/div/div/section/section[2]/div[1]/div[2]/div/div'.</msg>
<status status="PASS" starttime="20220321 23:10:01.188" endtime="20220321 23:10:05.353"></status>
</kw>
<kw name="Log To Console" library="BuiltIn">
<doc>Logs the given message to the console.</doc>
<arguments>
<arg>Select Logout</arg>
</arguments>
<status status="PASS" starttime="20220321 23:10:05.353" endtime="20220321 23:10:05.353"></status>
</kw>
<kw name="Click Element" library="SeleniumLibrary">
<doc>Click the element identified by ``locator``.</doc>
<arguments>
<arg>${logout_btn}</arg>
</arguments>
<msg timestamp="20220321 23:10:05.357" level="INFO">Clicking element 'xpath:/html/body/ul[1]/li'.</msg>
<status status="PASS" starttime="20220321 23:10:05.356" endtime="20220321 23:10:09.508"></status>
</kw>
<kw name="Wait Until Element Is Visible" library="SeleniumLibrary">
<doc>Waits until the element ``locator`` is visible.</doc>
<arguments>
<arg>${login_form}</arg>
<arg>10s</arg>
</arguments>
<status status="PASS" starttime="20220321 23:10:09.508" endtime="20220321 23:10:16.353"></status>
</kw>
<kw name="Log To Console" library="BuiltIn">
<doc>Logs the given message to the console.</doc>
<arguments>
<arg>User Logged out</arg>
</arguments>
<status status="PASS" starttime="20220321 23:10:16.353" endtime="20220321 23:10:16.353"></status>
</kw>
<status status="PASS" starttime="20220321 23:09:57.102" endtime="20220321 23:10:16.356"></status>
</kw>
<kw name="Teardown Properties" type="teardown">
<kw name="Sleep" library="BuiltIn">
<doc>Pauses the test executed for the given time.</doc>
<arguments>
<arg>5s</arg>
</arguments>
<msg timestamp="20220321 23:10:21.361" level="INFO">Slept 5 seconds</msg>
<status status="PASS" starttime="20220321 23:10:16.357" endtime="20220321 23:10:21.361"></status>
</kw>
<status status="PASS" starttime="20220321 23:10:16.357" endtime="20220321 23:10:21.361"></status>
</kw>
<tags>
<tag>owner</tag>
</tags>
<status status="PASS" starttime="20220321 23:09:14.937" endtime="20220321 23:10:21.361" critical="yes"></status>
</test>
<test id="s1-t6" name="7.0 Login- Verify Redirect page after login using Normal user Acct">
<kw name="Setup Properties" type="setup">
<kw name="Set Selenium Speed" library="SeleniumLibrary">
<doc>Sets the delay that is waited after each Selenium command.</doc>
<arguments>
<arg>2s</arg>
</arguments>
<status status="PASS" starttime="20220321 23:10:21.369" endtime="20220321 23:10:21.369"></status>
</kw>
<kw name="Set Selenium Timeout" library="SeleniumLibrary">
<doc>Sets the timeout that is used by various keywords.</doc>
<arguments>
<arg>60s</arg>
</arguments>
<status status="PASS" starttime="20220321 23:10:21.369" endtime="20220321 23:10:23.370"></status>
</kw>
<status status="PASS" starttime="20220321 23:10:21.369" endtime="20220321 23:10:23.370"></status>
</kw>
<kw name="Log To Console" library="BuiltIn">
<doc>Logs the given message to the console.</doc>
<arguments>
<arg>Input correct email address</arg>
</arguments>
<status status="PASS" starttime="20220321 23:10:23.370" endtime="20220321 23:10:23.370"></status>
</kw>
<kw name="Input Username" library="LoginKeywords">
<arguments>
<arg>${normal}</arg>
</arguments>
<kw name="Log To Console" library="BuiltIn">
<doc>Logs the given message to the console.</doc>
<arguments>
<arg>Inputting username...</arg>
</arguments>
<status status="PASS" starttime="20220321 23:10:23.370" endtime="20220321 23:10:23.370"></status>
</kw>
<kw name="Input Text" library="SeleniumLibrary">
<doc>Types the given ``text`` into the text field identified by ``locator``.</doc>
<arguments>
<arg>${field_username}</arg>
<arg>${username}</arg>
</arguments>
<msg timestamp="20220321 23:10:23.379" level="INFO">Typing text 'msprice-normal@mailinator.com' into text field 'xpath:/html/body/div/div/section/section/section/div[1]/div/div/form/div[1]/div/div/input'.</msg>
<status status="PASS" starttime="20220321 23:10:23.379" endtime="20220321 23:10:29.876"></status>
</kw>
<kw name="Log To Console" library="BuiltIn">
<doc>Logs the given message to the console.</doc>
<arguments>
<arg>Username:${username} inputted.</arg>
</arguments>
<status status="PASS" starttime="20220321 23:10:29.877" endtime="20220321 23:10:29.879"></status>
</kw>
<status status="PASS" starttime="20220321 23:10:23.370" endtime="20220321 23:10:29.881"></status>
</kw>
<kw name="Log To Console" library="BuiltIn">
<doc>Logs the given message to the console.</doc>
<arguments>
<arg>Input correct password</arg>
</arguments>
<status status="PASS" starttime="20220321 23:10:29.882" endtime="20220321 23:10:29.884"></status>
</kw>
<kw name="Input Password" library="LoginKeywords">
<arguments>
<arg>${normal_pass}</arg>
</arguments>
<kw name="Log To Console" library="BuiltIn">
<doc>Logs the given message to the console.</doc>
<arguments>
<arg>Inputting password...</arg>
</arguments>
<status status="PASS" starttime="20220321 23:10:29.888" endtime="20220321 23:10:29.889"></status>
</kw>
<kw name="Input Text" library="SeleniumLibrary">
<doc>Types the given ``text`` into the text field identified by ``locator``.</doc>
<arguments>
<arg>${field_password}</arg>
<arg>${password}</arg>
</arguments>
<msg timestamp="20220321 23:10:29.891" level="INFO">Typing text 'd3t@1l@dm1n' into text field 'xpath:/html/body/div/div/section/section/section/div[1]/div/div/form/div[2]/div/div[1]/input'.</msg>
<status status="PASS" starttime="20220321 23:10:29.890" endtime="20220321 23:10:36.358"></status>
</kw>
<kw name="Log To Console" library="BuiltIn">
<doc>Logs the given message to the console.</doc>
<arguments>
<arg>Password Inputted.</arg>
</arguments>
<status status="PASS" starttime="20220321 23:10:36.359" endtime="20220321 23:10:36.361"></status>
</kw>
<status status="PASS" starttime="20220321 23:10:29.885" endtime="20220321 23:10:36.363"></status>
</kw>
<kw name="Un/Hide Password" library="LoginKeywords">
<kw name="Log To Console" library="BuiltIn">
<doc>Logs the given message to the console.</doc>
<arguments>
<arg>Checking password input...</arg>
</arguments>
<status status="PASS" starttime="20220321 23:10:36.364" endtime="20220321 23:10:36.364"></status>
</kw>
<kw name="Click Element" library="SeleniumLibrary">
<doc>Click the element identified by ``locator``.</doc>
<arguments>
<arg>${icon_private}</arg>
</arguments>
<msg timestamp="20220321 23:10:36.369" level="INFO">Clicking element 'xpath:/html/body/div/div/section/section/section/div[1]/div/div/form/div[2]/div/div/span'.</msg>
<status status="PASS" starttime="20220321 23:10:36.368" endtime="20220321 23:10:40.575"></status>
</kw>
<kw name="Click Element" library="SeleniumLibrary">
<doc>Click the element identified by ``locator``.</doc>
<arguments>
<arg>${icon_private}</arg>
</arguments>
<msg timestamp="20220321 23:10:40.576" level="INFO">Clicking element 'xpath:/html/body/div/div/section/section/section/div[1]/div/div/form/div[2]/div/div/span'.</msg>
<status status="PASS" starttime="20220321 23:10:40.575" endtime="20220321 23:10:44.684"></status>
</kw>
<status status="PASS" starttime="20220321 23:10:36.364" endtime="20220321 23:10:44.685"></status>
</kw>
<kw name="Click Login" library="LoginKeywords">
<kw name="Click Element" library="SeleniumLibrary">
<doc>Click the element identified by ``locator``.</doc>
<arguments>
<arg>${btn_login}</arg>
</arguments>
<msg timestamp="20220321 23:10:44.686" level="INFO">Clicking element 'xpath:/html/body/div/div/section/section/section/div[1]/div/div/form/div[3]/div/button'.</msg>
<status status="PASS" starttime="20220321 23:10:44.686" endtime="20220321 23:10:48.907"></status>
</kw>
<kw name="Log To Console" library="BuiltIn">
<doc>Logs the given message to the console.</doc>
<arguments>
<arg>Waiting to Login...</arg>
</arguments>
<status status="PASS" starttime="20220321 23:10:48.908" endtime="20220321 23:10:48.910"></status>
</kw>
<status status="PASS" starttime="20220321 23:10:44.686" endtime="20220321 23:10:48.910"></status>
</kw>
<kw name="Verify Login Success" library="LoginKeywords">
<kw name="Wait Until Element Is Visible" library="SeleniumLibrary">
<doc>Waits until the element ``locator`` is visible.</doc>
<arguments>
<arg>${scorecard}</arg>
<arg>60s</arg>
</arguments>
<status status="PASS" starttime="20220321 23:10:48.911" endtime="20220321 23:10:58.678"></status>
</kw>
<kw name="Log To Console" library="BuiltIn">
<doc>Logs the given message to the console.</doc>
<arguments>
<arg>User logged in successfully</arg>
</arguments>
<status status="PASS" starttime="20220321 23:10:58.678" endtime="20220321 23:10:58.678"></status>
</kw>
<status status="PASS" starttime="20220321 23:10:48.911" endtime="20220321 23:10:58.681"></status>
</kw>
<kw name="Logout" library="LoginKeywords">
<kw name="Wait Until Element Is Visible" library="SeleniumLibrary">
<doc>Waits until the element ``locator`` is visible.</doc>
<arguments>
<arg>${user_profile}</arg>
<arg>10s</arg>
</arguments>
<status status="PASS" starttime="20220321 23:10:58.682" endtime="20220321 23:11:02.785"></status>
</kw>
<kw name="Log To Console" library="BuiltIn">
<doc>Logs the given message to the console.</doc>
<arguments>
<arg>Click User Profile dropdown</arg>
</arguments>
<status status="PASS" starttime="20220321 23:11:02.786" endtime="20220321 23:11:02.787"></status>
</kw>
<kw name="Click Element" library="SeleniumLibrary">
<doc>Click the element identified by ``locator``.</doc>
<arguments>
<arg>${user_profile}</arg>
</arguments>
<msg timestamp="20220321 23:11:02.789" level="INFO">Clicking element 'xpath:/html/body/div/div/section/section[2]/div[1]/div[2]/div/div'.</msg>
<status status="PASS" starttime="20220321 23:11:02.788" endtime="20220321 23:11:07.002"></status>
</kw>
<kw name="Log To Console" library="BuiltIn">
<doc>Logs the given message to the console.</doc>
<arguments>
<arg>Select Logout</arg>
</arguments>
<status status="PASS" starttime="20220321 23:11:07.003" endtime="20220321 23:11:07.003"></status>
</kw>
<kw name="Click Element" library="SeleniumLibrary">
<doc>Click the element identified by ``locator``.</doc>
<arguments>
<arg>${logout_btn}</arg>
</arguments>
<msg timestamp="20220321 23:11:07.006" level="INFO">Clicking element 'xpath:/html/body/ul[1]/li'.</msg>
<status status="PASS" starttime="20220321 23:11:07.005" endtime="20220321 23:11:11.224"></status>
</kw>
<kw name="Wait Until Element Is Visible" library="SeleniumLibrary">
<doc>Waits until the element ``locator`` is visible.</doc>
<arguments>
<arg>${login_form}</arg>
<arg>10s</arg>
</arguments>
<status status="PASS" starttime="20220321 23:11:11.224" endtime="20220321 23:11:17.968"></status>
</kw>
<kw name="Log To Console" library="BuiltIn">
<doc>Logs the given message to the console.</doc>
<arguments>
<arg>User Logged out</arg>
</arguments>
<status status="PASS" starttime="20220321 23:11:17.969" endtime="20220321 23:11:17.969"></status>
</kw>
<status status="PASS" starttime="20220321 23:10:58.682" endtime="20220321 23:11:17.972"></status>
</kw>
<kw name="Teardown Properties" type="teardown">
<kw name="Sleep" library="BuiltIn">
<doc>Pauses the test executed for the given time.</doc>
<arguments>
<arg>5s</arg>
</arguments>
<msg timestamp="20220321 23:11:22.989" level="INFO">Slept 5 seconds</msg>
<status status="PASS" starttime="20220321 23:11:17.973" endtime="20220321 23:11:22.990"></status>
</kw>
<status status="PASS" starttime="20220321 23:11:17.973" endtime="20220321 23:11:22.990"></status>
</kw>
<tags>
<tag>normal</tag>
</tags>
<status status="PASS" starttime="20220321 23:10:21.369" endtime="20220321 23:11:22.990" critical="yes"></status>
</test>
<test id="s1-t7" name="7.0 Login - Forgot Password: Enter invalid address">
<kw name="Setup Properties" type="setup">
<kw name="Set Selenium Speed" library="SeleniumLibrary">
<doc>Sets the delay that is waited after each Selenium command.</doc>
<arguments>
<arg>2s</arg>
</arguments>
<status status="PASS" starttime="20220321 23:11:22.999" endtime="20220321 23:11:22.999"></status>
</kw>
<kw name="Set Selenium Timeout" library="SeleniumLibrary">
<doc>Sets the timeout that is used by various keywords.</doc>
<arguments>
<arg>60s</arg>
</arguments>
<status status="PASS" starttime="20220321 23:11:22.999" endtime="20220321 23:11:25.014"></status>
</kw>
<status status="PASS" starttime="20220321 23:11:22.999" endtime="20220321 23:11:25.015"></status>
</kw>
<kw name="Log To Console" library="BuiltIn">
<doc>Logs the given message to the console.</doc>
<arguments>
<arg>Click "Forgot password" functionality</arg>
</arguments>
<status status="PASS" starttime="20220321 23:11:25.016" endtime="20220321 23:11:25.016"></status>
</kw>
<kw name="Click Link" library="SeleniumLibrary">
<doc>Clicks a link identified by ``locator``.</doc>
<arguments>
<arg>Forgot your password?</arg>
</arguments>
<msg timestamp="20220321 23:11:25.016" level="INFO">Clicking link 'Forgot your password?'.</msg>
<status status="PASS" starttime="20220321 23:11:25.016" endtime="20220321 23:11:31.265"></status>
</kw>
<kw name="Log To Console" library="BuiltIn">
<doc>Logs the given message to the console.</doc>
<arguments>
<arg>Input invalid email address</arg>
</arguments>
<status status="PASS" starttime="20220321 23:11:31.267" endtime="20220321 23:11:31.269"></status>
</kw>
<kw name="Input Forgot Password Username" library="LoginKeywords">
<arguments>
<arg>${invalidemail}</arg>
</arguments>
<kw name="Log To Console" library="BuiltIn">
<doc>Logs the given message to the console.</doc>
<arguments>
<arg>Inputting username...</arg>
</arguments>
<status status="PASS" starttime="20220321 23:11:31.271" endtime="20220321 23:11:31.271"></status>
</kw>
<kw name="Input Text" library="SeleniumLibrary">
<doc>Types the given ``text`` into the text field identified by ``locator``.</doc>
<arguments>
<arg>${field_fpusername}</arg>
<arg>${username}</arg>
</arguments>
<msg timestamp="20220321 23:11:31.276" level="INFO">Typing text 'admin123' into text field 'xpath:/html/body/div/div/section/section/section/div/div/form/div[1]/div/div/input'.</msg>
<status status="PASS" starttime="20220321 23:11:31.275" endtime="20220321 23:11:37.649"></status>
</kw>
<kw name="Log To Console" library="BuiltIn">
<doc>Logs the given message to the console.</doc>
<arguments>
<arg>Username:${username} inputted.</arg>
</arguments>
<status status="PASS" starttime="20220321 23:11:37.651" endtime="20220321 23:11:37.653"></status>
</kw>
<status status="PASS" starttime="20220321 23:11:31.271" endtime="20220321 23:11:37.654"></status>
</kw>
<kw name="Wait Until Element Is Visible" library="SeleniumLibrary">
<doc>Waits until the element ``locator`` is visible.</doc>
<arguments>
<arg>${reset_error_msg}</arg>
<arg>60s</arg>
</arguments>
<status status="PASS" starttime="20220321 23:11:37.655" endtime="20220321 23:11:41.810"></status>
</kw>
<kw name="Log To Console" library="BuiltIn">
<doc>Logs the given message to the console.</doc>
<arguments>
<arg>Click "Reset Password" button</arg>
</arguments>
<status status="PASS" starttime="20220321 23:11:41.810" endtime="20220321 23:11:41.810"></status>
</kw>
<kw name="Click Element" library="SeleniumLibrary">
<doc>Click the element identified by ``locator``.</doc>
<arguments>
<arg>${btn_reset}</arg>
</arguments>
<msg timestamp="20220321 23:11:41.818" level="INFO">Clicking element 'xpath:/html/body/div/div/section/section/section/div/div/form/div[2]/div/button'.</msg>
<status status="PASS" starttime="20220321 23:11:41.818" endtime="20220321 23:11:46.006"></status>
</kw>
<kw name="Log To Console" library="BuiltIn">
<doc>Logs the given message to the console.</doc>
<arguments>
<arg>Error message should appear</arg>
</arguments>
<status status="PASS" starttime="20220321 23:11:46.006" endtime="20220321 23:11:46.006"></status>
</kw>
<kw name="Teardown Properties" type="teardown">
<kw name="Sleep" library="BuiltIn">
<doc>Pauses the test executed for the given time.</doc>
<arguments>
<arg>5s</arg>
</arguments>
<msg timestamp="20220321 23:11:51.008" level="INFO">Slept 5 seconds</msg>
<status status="PASS" starttime="20220321 23:11:46.006" endtime="20220321 23:11:51.008"></status>
</kw>
<status status="PASS" starttime="20220321 23:11:46.006" endtime="20220321 23:11:51.008"></status>
</kw>
<tags>
<tag>forgot</tag>
</tags>
<status status="PASS" starttime="20220321 23:11:22.998" endtime="20220321 23:11:51.008" critical="yes"></status>
</test>
<test id="s1-t8" name="7.0 Login - Forgot Password: Enter valid address">
<kw name="Setup Properties" type="setup">
<kw name="Set Selenium Speed" library="SeleniumLibrary">
<doc>Sets the delay that is waited after each Selenium command.</doc>
<arguments>
<arg>2s</arg>
</arguments>
<status status="PASS" starttime="20220321 23:11:51.017" endtime="20220321 23:11:51.017"></status>
</kw>
<kw name="Set Selenium Timeout" library="SeleniumLibrary">
<doc>Sets the timeout that is used by various keywords.</doc>
<arguments>
<arg>60s</arg>
</arguments>
<status status="PASS" starttime="20220321 23:11:51.017" endtime="20220321 23:11:53.024"></status>
</kw>
<status status="PASS" starttime="20220321 23:11:51.017" endtime="20220321 23:11:53.024"></status>
</kw>
<kw name="Go Back" library="SeleniumLibrary">
<doc>Simulates the user clicking the back button on their browser.</doc>
<status status="PASS" starttime="20220321 23:11:53.024" endtime="20220321 23:11:55.073"></status>
</kw>
<kw name="Log To Console" library="BuiltIn">
<doc>Logs the given message to the console.</doc>
<arguments>
<arg>Click "Forgot password" functionality</arg>
</arguments>
<status status="PASS" starttime="20220321 23:11:55.076" endtime="20220321 23:11:55.078"></status>
</kw>
<kw name="Click Link" library="SeleniumLibrary">
<doc>Clicks a link identified by ``locator``.</doc>
<arguments>
<arg>Forgot your password?</arg>
</arguments>
<msg timestamp="20220321 23:11:55.080" level="INFO">Clicking link 'Forgot your password?'.</msg>
<status status="PASS" starttime="20220321 23:11:55.080" endtime="20220321 23:12:01.255"></status>
</kw>
<kw name="Log To Console" library="BuiltIn">
<doc>Logs the given message to the console.</doc>
<arguments>
<arg>Input valid email address</arg>
</arguments>
<status status="PASS" starttime="20220321 23:12:01.257" endtime="20220321 23:12:01.258"></status>
</kw>
<kw name="Input Forgot Password Username" library="LoginKeywords">
<arguments>
<arg>${normal}</arg>
</arguments>
<kw name="Log To Console" library="BuiltIn">
<doc>Logs the given message to the console.</doc>
<arguments>
<arg>Inputting username...</arg>
</arguments>
<status status="PASS" starttime="20220321 23:12:01.264" endtime="20220321 23:12:01.264"></status>
</kw>
<kw name="Input Text" library="SeleniumLibrary">
<doc>Types the given ``text`` into the text field identified by ``locator``.</doc>
<arguments>
<arg>${field_fpusername}</arg>
<arg>${username}</arg>
</arguments>
<msg timestamp="20220321 23:12:01.270" level="INFO">Typing text 'msprice-normal@mailinator.com' into text field 'xpath:/html/body/div/div/section/section/section/div/div/form/div[1]/div/div/input'.</msg>
<status status="PASS" starttime="20220321 23:12:01.268" endtime="20220321 23:12:07.851"></status>
</kw>
<kw name="Log To Console" library="BuiltIn">
<doc>Logs the given message to the console.</doc>
<arguments>
<arg>Username:${username} inputted.</arg>
</arguments>
<status status="PASS" starttime="20220321 23:12:07.852" endtime="20220321 23:12:07.853"></status>
</kw>
<status status="PASS" starttime="20220321 23:12:01.264" endtime="20220321 23:12:07.855"></status>
</kw>
<kw name="Log To Console" library="BuiltIn">
<doc>Logs the given message to the console.</doc>
<arguments>
<arg>Click "Reset Password" button</arg>
</arguments>
<status status="PASS" starttime="20220321 23:12:07.856" endtime="20220321 23:12:07.856"></status>
</kw>
<kw name="Click Element" library="SeleniumLibrary">
<doc>Click the element identified by ``locator``.</doc>
<arguments>
<arg>${btn_reset}</arg>
</arguments>
<msg timestamp="20220321 23:12:07.860" level="INFO">Clicking element 'xpath:/html/body/div/div/section/section/section/div/div/form/div[2]/div/button'.</msg>
<status status="PASS" starttime="20220321 23:12:07.860" endtime="20220321 23:12:12.040"></status>
</kw>
<kw name="Wait Until Element Is Visible" library="SeleniumLibrary">
<doc>Waits until the element ``locator`` is visible.</doc>
<arguments>
<arg>${prompt_reset}</arg>
<arg>60s</arg>
</arguments>
<status status="PASS" starttime="20220321 23:12:12.040" endtime="20220321 23:12:16.133"></status>
</kw>
<kw name="Teardown Properties" type="teardown">
<kw name="Sleep" library="BuiltIn">
<doc>Pauses the test executed for the given time.</doc>
<arguments>
<arg>5s</arg>
</arguments>
<msg timestamp="20220321 23:12:21.149" level="INFO">Slept 5 seconds</msg>
<status status="PASS" starttime="20220321 23:12:16.135" endtime="20220321 23:12:21.150"></status>
</kw>
<status status="PASS" starttime="20220321 23:12:16.135" endtime="20220321 23:12:21.150"></status>
</kw>
<tags>
<tag>forgot</tag>
</tags>
<status status="PASS" starttime="20220321 23:11:51.016" endtime="20220321 23:12:21.150" critical="yes"></status>
</test>
<kw name="Close All Browsers" library="SeleniumLibrary" type="teardown">
<doc>Closes all open browsers and resets the browser cache.</doc>
<status status="PASS" starttime="20220321 23:12:21.158" endtime="20220321 23:12:25.371"></status>
</kw>
<status status="PASS" starttime="20220321 23:05:48.391" endtime="20220321 23:12:25.372"></status>
</suite>
<statistics>
<total>
<stat pass="8" fail="0">Critical Tests</stat>
<stat pass="8" fail="0">All Tests</stat>
</total>
<tag>
<stat pass="1" fail="0">admin</stat>
<stat pass="1" fail="0">correct</stat>
<stat pass="2" fail="0">forgot</stat>
<stat pass="2" fail="0">incorrect</stat>
<stat pass="1" fail="0">normal</stat>
<stat pass="1" fail="0">owner</stat>
</tag>
<suite>
<stat pass="8" fail="0" id="s1" name="Login">Login</stat>
</suite>
</statistics>
<errors>
</errors>
</robot>
